<?xml version="1.0" encoding="UTF-8"?>
<testng-results ignored="0" total="1" passed="1" failed="0" skipped="0">
  <reporter-output>
  </reporter-output>
  <suite started-at="2022-03-23T10:00:29 IST" name="Suite" finished-at="2022-03-23T10:00:30 IST" duration-ms="949">
    <groups>
    </groups>
    <test started-at="2022-03-23T10:00:29 IST" name="Test" finished-at="2022-03-23T10:00:30 IST" duration-ms="949">
      <class name="org.testing.TestScripts.TC_1PostRequest">
        <test-method signature="postRequest()[pri:0, instance:org.testing.TestScripts.TC_1PostRequest@36c88a32]" started-at="2022-03-23T10:00:29 IST" name="postRequest" finished-at="2022-03-23T10:00:30 IST" duration-ms="930" status="PASS">
          <reporter-output>
          </reporter-output>
        </test-method> <!-- postRequest -->
      </class> <!-- org.testing.TestScripts.TC_1PostRequest -->
    </test> <!-- Test -->
  </suite> <!-- Suite -->
</testng-results>
